<?xml version="1.0" encoding="UTF-8"?>
<testng-results ignored="0" total="1" passed="1" failed="0" skipped="0">
  <reporter-output>
  </reporter-output>
  <suite started-at="2022-08-05T13:13:35 IST" name="Suite" finished-at="2022-08-05T13:13:41 IST" duration-ms="5141">
    <groups>
    </groups>
    <test started-at="2022-08-05T13:13:35 IST" name="Basic" finished-at="2022-08-05T13:13:41 IST" duration-ms="5141">
      <class name="Basic_Test_Scripts">
        <test-method signature="Sample()[pri:0, instance:Basic_Test_Scripts@524d6d96]" started-at="2022-08-05T13:13:36 IST" name="Sample" finished-at="2022-08-05T13:13:41 IST" duration-ms="5101" status="PASS">
          <reporter-output>
          </reporter-output>
        </test-method> <!-- Sample -->
      </class> <!-- Basic_Test_Scripts -->
    </test> <!-- Basic -->
  </suite> <!-- Suite -->
</testng-results>
