<?xml version="1.0" encoding="UTF-8"?>
<testng-results ignored="0" total="1" passed="1" failed="0" skipped="0">
  <reporter-output>
  </reporter-output>
  <suite started-at="2022-08-02T14:15:46 IST" name="Suite" finished-at="2022-08-02T14:15:46 IST" duration-ms="53">
    <groups>
    </groups>
    <test started-at="2022-08-02T14:15:46 IST" name="Test" finished-at="2022-08-02T14:15:46 IST" duration-ms="53">
      <class name="DEMO">
        <test-method signature="Sample()[pri:0, instance:DEMO@f381794]" started-at="2022-08-02T14:15:46 IST" name="Sample" finished-at="2022-08-02T14:15:46 IST" duration-ms="11" status="PASS">
          <reporter-output>
          </reporter-output>
        </test-method> <!-- Sample -->
      </class> <!-- DEMO -->
    </test> <!-- Test -->
  </suite> <!-- Suite -->
</testng-results>
